<?xml version="1.0" encoding="UTF-8"?>
<!-- Generated by org.testng.reporters.JUnitReportReporter -->
<testsuite hostname="001-78995" failures="0" tests="2" name="testing.Activity1" time="7.175" errors="0" timestamp="19 Mar 2022 23:58:22 GMT" skipped="0">
  <testcase classname="testing.Activity1" name="foo" time="2.775"/>
  <testcase classname="testing.Activity1" name="foo1" time="4.400"/>
</testsuite> <!-- testing.Activity1 -->
